d:\project\vs\mine\mfcapplication2\mfcapplication2\x64\debug\mfcapplication2.pch
d:\project\vs\mine\mfcapplication2\mfcapplication2\x64\debug\vc143.pdb
d:\project\vs\mine\mfcapplication2\mfcapplication2\x64\debug\vc143.idb
d:\project\vs\mine\mfcapplication2\mfcapplication2\x64\debug\pch.obj
d:\project\vs\mine\mfcapplication2\mfcapplication2\x64\debug\mfcapplication2.obj
d:\project\vs\mine\mfcapplication2\mfcapplication2\x64\debug\mfcapplication2dlg.obj
d:\project\vs\mine\mfcapplication2\mfcapplication2\x64\debug\createnoise.obj
d:\project\vs\mine\mfcapplication2\x64\debug\mfcapplication2.exe
d:\project\vs\mine\mfcapplication2\mfcapplication2\x64\debug\mfcapplication2.ilk
d:\project\vs\mine\mfcapplication2\x64\debug\mfcapplication2.pdb
d:\project\vs\mine\mfcapplication2\mfcapplication2\x64\debug\mfcapplication2.res
d:\project\vs\mine\mfcapplication2\mfcapplication2\x64\debug\mfcapplication2.tlog\cl.command.1.tlog
d:\project\vs\mine\mfcapplication2\mfcapplication2\x64\debug\mfcapplication2.tlog\cl.read.1.tlog
d:\project\vs\mine\mfcapplication2\mfcapplication2\x64\debug\mfcapplication2.tlog\cl.write.1.tlog
d:\project\vs\mine\mfcapplication2\mfcapplication2\x64\debug\mfcapplication2.tlog\link.command.1.tlog
d:\project\vs\mine\mfcapplication2\mfcapplication2\x64\debug\mfcapplication2.tlog\link.read.1.tlog
d:\project\vs\mine\mfcapplication2\mfcapplication2\x64\debug\mfcapplication2.tlog\link.write.1.tlog
d:\project\vs\mine\mfcapplication2\mfcapplication2\x64\debug\mfcapplication2.tlog\rc.command.1.tlog
d:\project\vs\mine\mfcapplication2\mfcapplication2\x64\debug\mfcapplication2.tlog\rc.read.1.tlog
d:\project\vs\mine\mfcapplication2\mfcapplication2\x64\debug\mfcapplication2.tlog\rc.write.1.tlog
